Using pre-set license

 COMMAND LINE ARGUMENTS:
/Applications/Unity/Hub/Editor/2020.2.7f1/Unity.app/Contents/MacOS/Unity
-adb2
-batchMode
-noUpm
-name
AssetImportWorker0
-projectPath
/Users/saleheerfanianebadi/Unity_Projects/MyNavMesh
-logFile
Logs/AssetImportWorker0.log
-srvPort
56975
Successfully changed project path to: /Users/saleheerfanianebadi/Unity_Projects/MyNavMesh
/Users/saleheerfanianebadi/Unity_Projects/MyNavMesh
Using Asset Import Pipeline V2.
Refreshing native plugins compatible for Editor in 47.80 ms, found 1 plugins.
Preloading 0 native plugins for Editor in 0.00 ms.
Initialize engine version: 2020.2.7f1 (c53830e277f1)
[Subsystems] Discovering subsystems at path /Applications/Unity/Hub/Editor/2020.2.7f1/Unity.app/Contents/Resources/UnitySubsystems
[Subsystems] Discovering subsystems at path /Users/saleheerfanianebadi/Unity_Projects/MyNavMesh/Assets
GfxDevice: creating device client; threaded=0
2021-03-23 21:43:49.008 Unity[23359:745581] DELL U2718Q preferred device: AMD Radeon Pro 5500M (high power)
2021-03-23 21:43:49.008 Unity[23359:745581] Metal devices available: 2
2021-03-23 21:43:49.008 Unity[23359:745581] 0: AMD Radeon Pro 5500M (high power)
2021-03-23 21:43:49.008 Unity[23359:745581] 1: Intel(R) UHD Graphics 630 (low power)
2021-03-23 21:43:49.010 Unity[23359:745581] Using device AMD Radeon Pro 5500M (high power)
Initializing Metal device caps: AMD Radeon Pro 5500M
Initialize mono
Mono path[0] = '/Applications/Unity/Hub/Editor/2020.2.7f1/Unity.app/Contents/Managed'
Mono path[1] = '/Applications/Unity/Hub/Editor/2020.2.7f1/Unity.app/Contents/MonoBleedingEdge/lib/mono/unityjit'
Mono config path = '/Applications/Unity/Hub/Editor/2020.2.7f1/Unity.app/Contents/MonoBleedingEdge/etc'
Using monoOptions --debugger-agent=transport=dt_socket,embedding=1,server=y,suspend=n,address=127.0.0.1:56359
Begin MonoManager ReloadAssembly
Registering precompiled unity dll's ...
Register platform support module: /Applications/Unity/Hub/Editor/2020.2.7f1/Unity.app/Contents/PlaybackEngines/MacStandaloneSupport/UnityEditor.OSXStandalone.Extensions.dll
Register platform support module: /Applications/Unity/Hub/Editor/2020.2.7f1/PlaybackEngines/LinuxStandaloneSupport/UnityEditor.LinuxStandalone.Extensions.dll
Registered in 0.002624 seconds.
Native extension for LinuxStandalone target not found
Native extension for OSXStandalone target not found
Refreshing native plugins compatible for Editor in 55.01 ms, found 1 plugins.
Preloading 0 native plugins for Editor in 0.00 ms.
Invoked RoslynAnalysisRunner static constructor.
RoslynAnalysisRunner will not be running.
RoslynAnalysisRunner has terminated.
Mono: successfully reloaded assembly
- Completed reload, in  2.096 seconds
Platform modules already initialized, skipping
Registering precompiled user dll's ...
Registered in 0.002269 seconds.
Begin MonoManager ReloadAssembly
Native extension for LinuxStandalone target not found
Native extension for OSXStandalone target not found
Refreshing native plugins compatible for Editor in 65.15 ms, found 1 plugins.
Preloading 0 native plugins for Editor in 0.00 ms.
Invoked RoslynAnalysisRunner static constructor.
RoslynAnalysisRunner will not be running.
RoslynAnalysisRunner has terminated.
Mono: successfully reloaded assembly
- Completed reload, in  1.527 seconds
Platform modules already initialized, skipping
========================================================================
Worker process is ready to serve import requests
Shader 'Universal Render Pipeline/Particles/Lit': fallback shader 'Universal Render Pipeline/Particles/SimpleLit' not found
Shader 'Universal Render Pipeline/Particles/Lit': fallback shader 'Universal Render Pipeline/Particles/SimpleLit' not found
Launching external process: /Applications/Unity/Hub/Editor/2020.2.7f1/Unity.app/Contents/Tools/UnityShaderCompiler
Launched and connected shader compiler UnityShaderCompiler after 0.02 seconds
Refreshing native plugins compatible for Editor in 0.44 ms, found 1 plugins.
Preloading 0 native plugins for Editor in 0.00 ms.
Unloading 2416 Unused Serialized files (Serialized files now loaded: 0)
System memory in use before: 172.1 MB.
System memory in use after: 169.7 MB.

Unloading 46 unused Assets to reduce memory usage. Loaded Objects now: 2820.
Total: 6.062216 ms (FindLiveObjects: 0.656590 ms CreateObjectMapping: 0.263472 ms MarkObjects: 2.855849 ms  DeleteObjects: 2.284430 ms)

========================================================================
Received Import Request.
  path: Assets/Readme.asset
  artifactKey: Guid(83c2ed844a8c74b779a4c823d16594b1) Importer(815301076,1909f56bfc062723c751e8b465ee728b)
Start importing Assets/Readme.asset using Guid(83c2ed844a8c74b779a4c823d16594b1) Importer(815301076,1909f56bfc062723c751e8b465ee728b)  -> (artifact id: '29bb0c55b42cf9bee30bd87418c39614') in 1.120279 seconds
  Import took 1.125929 seconds .

========================================================================
Received Import Request.
  Time since last request: 28.664300 seconds.
  path: Assets/Scenes/NavMeshScene.unity
  artifactKey: Guid(ce85f12fea62d42519c7dfb732f946a9) Importer(815301076,1909f56bfc062723c751e8b465ee728b)
Start importing Assets/Scenes/NavMeshScene.unity using Guid(ce85f12fea62d42519c7dfb732f946a9) Importer(815301076,1909f56bfc062723c751e8b465ee728b)  -> (artifact id: 'e0bd789ce6a7237ade0c0fbfae543829') in 0.003300 seconds
  Import took 0.007479 seconds .

========================================================================
Received Import Request.
  Time since last request: 0.011395 seconds.
  path: Assets/Scenes/NavMeshScene.unity
  artifactKey: Guid(ce85f12fea62d42519c7dfb732f946a9) Importer(815301076,1909f56bfc062723c751e8b465ee728b)
Start importing Assets/Scenes/NavMeshScene.unity using Guid(ce85f12fea62d42519c7dfb732f946a9) Importer(815301076,1909f56bfc062723c751e8b465ee728b)  -> (artifact id: 'e0bd789ce6a7237ade0c0fbfae543829') in 0.003528 seconds
  Import took 0.008187 seconds .

========================================================================
Received Import Request.
  Time since last request: 3.286429 seconds.
  path: Assets/Scenes/SampleScene.unity
  artifactKey: Guid(d1c3109bdb54ad54c8a2b2838528e640) Importer(815301076,1909f56bfc062723c751e8b465ee728b)
Start importing Assets/Scenes/SampleScene.unity using Guid(d1c3109bdb54ad54c8a2b2838528e640) Importer(815301076,1909f56bfc062723c751e8b465ee728b)  -> (artifact id: 'cc2e71227f598cbfe07ba6fb30ea725e') in 0.002068 seconds
  Import took 0.008433 seconds .

========================================================================
Received Import Request.
  Time since last request: 121.073227 seconds.
  path: Packages/com.unity.render-pipelines.universal/Runtime/Materials/Lit.mat
  artifactKey: Guid(31321ba15b8f8eb4c954353edc038b1d) Importer(815301076,1909f56bfc062723c751e8b465ee728b)
Start importing Packages/com.unity.render-pipelines.universal/Runtime/Materials/Lit.mat using Guid(31321ba15b8f8eb4c954353edc038b1d) Importer(815301076,1909f56bfc062723c751e8b465ee728b)  -> (artifact id: 'd3ae3cb776703c129e954ca1f55d4cf4') in 0.839153 seconds
  Import took 0.843453 seconds .

========================================================================
Received Import Request.
  Time since last request: 0.000172 seconds.
  path: Packages/com.unity.render-pipelines.universal/Runtime/Materials/ParticlesUnlit.mat
  artifactKey: Guid(e823cd5b5d27c0f4b8256e7c12ee3e6d) Importer(815301076,1909f56bfc062723c751e8b465ee728b)
Start importing Packages/com.unity.render-pipelines.universal/Runtime/Materials/ParticlesUnlit.mat using Guid(e823cd5b5d27c0f4b8256e7c12ee3e6d) Importer(815301076,1909f56bfc062723c751e8b465ee728b)  -> (artifact id: 'ad981cb43cba2695546438d374ad2281') in 0.247731 seconds
  Import took 0.251351 seconds .

========================================================================
Received Import Request.
  Time since last request: 0.000262 seconds.
  path: Packages/com.unity.render-pipelines.universal/Runtime/Materials/TerrainLit.mat
  artifactKey: Guid(594ea882c5a793440b60ff72d896021e) Importer(815301076,1909f56bfc062723c751e8b465ee728b)
Start importing Packages/com.unity.render-pipelines.universal/Runtime/Materials/TerrainLit.mat using Guid(594ea882c5a793440b60ff72d896021e) Importer(815301076,1909f56bfc062723c751e8b465ee728b)  -> (artifact id: 'd3333aad3e001b12bdf0976ada6e97a7') in 0.810179 seconds
  Import took 0.813658 seconds .

========================================================================
Received Import Request.
  Time since last request: 0.000162 seconds.
  path: Packages/com.unity.render-pipelines.universal/Runtime/Materials/ParticlesUnlit.mat
  artifactKey: Guid(e823cd5b5d27c0f4b8256e7c12ee3e6d) Importer(815301076,1909f56bfc062723c751e8b465ee728b)
Start importing Packages/com.unity.render-pipelines.universal/Runtime/Materials/ParticlesUnlit.mat using Guid(e823cd5b5d27c0f4b8256e7c12ee3e6d) Importer(815301076,1909f56bfc062723c751e8b465ee728b)  -> (artifact id: 'ad981cb43cba2695546438d374ad2281') in 0.008106 seconds
  Import took 0.011369 seconds .

========================================================================
Received Import Request.
  Time since last request: 0.000248 seconds.
  path: Packages/com.unity.render-pipelines.universal/Runtime/Materials/Sprite-Unlit-Default.mat
  artifactKey: Guid(9dfc825aed78fcd4ba02077103263b40) Importer(815301076,1909f56bfc062723c751e8b465ee728b)
Start importing Packages/com.unity.render-pipelines.universal/Runtime/Materials/Sprite-Unlit-Default.mat using Guid(9dfc825aed78fcd4ba02077103263b40) Importer(815301076,1909f56bfc062723c751e8b465ee728b)  -> (artifact id: '3de72039f7a3d4ac7b3495ebef094506') in 0.100937 seconds
  Import took 0.104520 seconds .

========================================================================
Received Import Request.
  Time since last request: 0.000172 seconds.
  path: Packages/com.unity.render-pipelines.universal/Runtime/Materials/SimpleLit.mat
  artifactKey: Guid(6a1143ee683302f4aa628c052723efc1) Importer(815301076,1909f56bfc062723c751e8b465ee728b)
Start importing Packages/com.unity.render-pipelines.universal/Runtime/Materials/SimpleLit.mat using Guid(6a1143ee683302f4aa628c052723efc1) Importer(815301076,1909f56bfc062723c751e8b465ee728b)  -> (artifact id: 'bd7974844f796f5ff41f0da3477f3c2b') in 0.546081 seconds
  Import took 0.549874 seconds .

========================================================================
Received Import Request.
  Time since last request: 0.000177 seconds.
  path: Packages/com.unity.render-pipelines.universal/Runtime/Materials/Sprite-Lit-Default.mat
  artifactKey: Guid(a97c105638bdf8b4a8650670310a4cd3) Importer(815301076,1909f56bfc062723c751e8b465ee728b)
Start importing Packages/com.unity.render-pipelines.universal/Runtime/Materials/Sprite-Lit-Default.mat using Guid(a97c105638bdf8b4a8650670310a4cd3) Importer(815301076,1909f56bfc062723c751e8b465ee728b)  -> (artifact id: '76fc09140f0cf8b498b69c68165bb911') in 0.104861 seconds
  Import took 0.108472 seconds .

========================================================================
Received Import Request.
  Time since last request: 0.000165 seconds.
  path: Packages/com.unity.render-pipelines.universal/Runtime/Materials/SimpleLit.mat
  artifactKey: Guid(6a1143ee683302f4aa628c052723efc1) Importer(815301076,1909f56bfc062723c751e8b465ee728b)
Start importing Packages/com.unity.render-pipelines.universal/Runtime/Materials/SimpleLit.mat using Guid(6a1143ee683302f4aa628c052723efc1) Importer(815301076,1909f56bfc062723c751e8b465ee728b)  -> (artifact id: 'bd7974844f796f5ff41f0da3477f3c2b') in 0.009832 seconds
  Import took 0.013281 seconds .

========================================================================
Received Import Request.
  Time since last request: 0.000163 seconds.
  path: Packages/com.unity.render-pipelines.universal/Runtime/Materials/Sprite-Lit-Default.mat
  artifactKey: Guid(a97c105638bdf8b4a8650670310a4cd3) Importer(815301076,1909f56bfc062723c751e8b465ee728b)
Start importing Packages/com.unity.render-pipelines.universal/Runtime/Materials/Sprite-Lit-Default.mat using Guid(a97c105638bdf8b4a8650670310a4cd3) Importer(815301076,1909f56bfc062723c751e8b465ee728b)  -> (artifact id: '76fc09140f0cf8b498b69c68165bb911') in 0.007919 seconds
  Import took 0.011170 seconds .

========================================================================
Received Import Request.
  Time since last request: 0.000171 seconds.
  path: Packages/com.unity.render-pipelines.universal/Runtime/Materials/Lit.mat
  artifactKey: Guid(31321ba15b8f8eb4c954353edc038b1d) Importer(815301076,1909f56bfc062723c751e8b465ee728b)
Start importing Packages/com.unity.render-pipelines.universal/Runtime/Materials/Lit.mat using Guid(31321ba15b8f8eb4c954353edc038b1d) Importer(815301076,1909f56bfc062723c751e8b465ee728b)  -> (artifact id: 'd3ae3cb776703c129e954ca1f55d4cf4') in 0.007007 seconds
  Import took 0.010406 seconds .

========================================================================
Received Prepare
Registering precompiled user dll's ...
Registered in 0.000582 seconds.
Begin MonoManager ReloadAssembly
Native extension for LinuxStandalone target not found
Native extension for OSXStandalone target not found
Refreshing native plugins compatible for Editor in 0.40 ms, found 1 plugins.
Preloading 0 native plugins for Editor in 0.00 ms.
Invoked RoslynAnalysisRunner static constructor.
RoslynAnalysisRunner will not be running.
RoslynAnalysisRunner has terminated.
Mono: successfully reloaded assembly
- Completed reload, in  0.986 seconds
Platform modules already initialized, skipping
Shader 'Universal Render Pipeline/Particles/Lit': fallback shader 'Universal Render Pipeline/Particles/SimpleLit' not found
Shader 'Universal Render Pipeline/Particles/Lit': fallback shader 'Universal Render Pipeline/Particles/SimpleLit' not found
Refreshing native plugins compatible for Editor in 0.41 ms, found 1 plugins.
Preloading 0 native plugins for Editor in 0.00 ms.
Unloading 2343 Unused Serialized files (Serialized files now loaded: 0)
System memory in use before: 184.7 MB.
System memory in use after: 183.1 MB.

Unloading 34 unused Assets to reduce memory usage. Loaded Objects now: 2910.
Total: 3.100947 ms (FindLiveObjects: 0.280658 ms CreateObjectMapping: 0.130035 ms MarkObjects: 1.644803 ms  DeleteObjects: 1.044329 ms)

========================================================================
Received Import Request.
  Time since last request: 123.800870 seconds.
  path: Assets/PlayerController.cs
  artifactKey: Guid(a574390fe5683403989475517862017c) Importer(815301076,1909f56bfc062723c751e8b465ee728b)
Start importing Assets/PlayerController.cs using Guid(a574390fe5683403989475517862017c) Importer(815301076,1909f56bfc062723c751e8b465ee728b)  -> (artifact id: '08968cbd5b7d0bfca7ebac5c9198c8f3') in 1.839805 seconds
  Import took 1.844058 seconds .

========================================================================
Received Prepare
Registering precompiled user dll's ...
Registered in 0.000823 seconds.
Begin MonoManager ReloadAssembly
Native extension for LinuxStandalone target not found
Native extension for OSXStandalone target not found
Refreshing native plugins compatible for Editor in 0.43 ms, found 1 plugins.
Preloading 0 native plugins for Editor in 0.00 ms.
Invoked RoslynAnalysisRunner static constructor.
RoslynAnalysisRunner will not be running.
RoslynAnalysisRunner has terminated.
Mono: successfully reloaded assembly
- Completed reload, in  1.019 seconds
Platform modules already initialized, skipping
Shader 'Universal Render Pipeline/Particles/Lit': fallback shader 'Universal Render Pipeline/Particles/SimpleLit' not found
Shader 'Universal Render Pipeline/Particles/Lit': fallback shader 'Universal Render Pipeline/Particles/SimpleLit' not found
Refreshing native plugins compatible for Editor in 0.41 ms, found 1 plugins.
Preloading 0 native plugins for Editor in 0.00 ms.
Unloading 2336 Unused Serialized files (Serialized files now loaded: 0)
System memory in use before: 188.6 MB.
System memory in use after: 187.0 MB.

Unloading 33 unused Assets to reduce memory usage. Loaded Objects now: 2913.
Total: 3.016964 ms (FindLiveObjects: 0.242535 ms CreateObjectMapping: 0.114203 ms MarkObjects: 1.570881 ms  DeleteObjects: 1.088469 ms)

========================================================================
Received Import Request.
  Time since last request: 51.062913 seconds.
  path: ProjectSettings/TagManager.asset
  artifactKey: Guid(00000000000000003000000000000000) Importer(815301076,1909f56bfc062723c751e8b465ee728b)
Start importing ProjectSettings/TagManager.asset using Guid(00000000000000003000000000000000) Importer(815301076,1909f56bfc062723c751e8b465ee728b)  -> (artifact id: 'c7e8c8b1af9793062f3a676f7cd1b544') in 0.014225 seconds
  Import took 0.018544 seconds .

========================================================================
Received Prepare
Registering precompiled user dll's ...
Registered in 0.000957 seconds.
Begin MonoManager ReloadAssembly
Native extension for LinuxStandalone target not found
Native extension for OSXStandalone target not found
Refreshing native plugins compatible for Editor in 0.36 ms, found 1 plugins.
Preloading 0 native plugins for Editor in 0.00 ms.
Invoked RoslynAnalysisRunner static constructor.
RoslynAnalysisRunner will not be running.
RoslynAnalysisRunner has terminated.
Mono: successfully reloaded assembly
- Completed reload, in  0.974 seconds
Platform modules already initialized, skipping
Shader 'Universal Render Pipeline/Particles/Lit': fallback shader 'Universal Render Pipeline/Particles/SimpleLit' not found
Shader 'Universal Render Pipeline/Particles/Lit': fallback shader 'Universal Render Pipeline/Particles/SimpleLit' not found
Refreshing native plugins compatible for Editor in 0.35 ms, found 1 plugins.
Preloading 0 native plugins for Editor in 0.00 ms.
Unloading 2336 Unused Serialized files (Serialized files now loaded: 0)
System memory in use before: 188.8 MB.
System memory in use after: 187.3 MB.

Unloading 34 unused Assets to reduce memory usage. Loaded Objects now: 2916.
Total: 3.175790 ms (FindLiveObjects: 0.302717 ms CreateObjectMapping: 0.095748 ms MarkObjects: 1.615176 ms  DeleteObjects: 1.161207 ms)

========================================================================
Received Prepare
Registering precompiled user dll's ...
Registered in 0.000836 seconds.
Begin MonoManager ReloadAssembly
Native extension for LinuxStandalone target not found
Native extension for OSXStandalone target not found
Refreshing native plugins compatible for Editor in 0.42 ms, found 1 plugins.
Preloading 0 native plugins for Editor in 0.00 ms.
Invoked RoslynAnalysisRunner static constructor.
RoslynAnalysisRunner will not be running.
RoslynAnalysisRunner has terminated.
Mono: successfully reloaded assembly
- Completed reload, in  0.937 seconds
Platform modules already initialized, skipping
Shader 'Universal Render Pipeline/Particles/Lit': fallback shader 'Universal Render Pipeline/Particles/SimpleLit' not found
Shader 'Universal Render Pipeline/Particles/Lit': fallback shader 'Universal Render Pipeline/Particles/SimpleLit' not found
Refreshing native plugins compatible for Editor in 0.41 ms, found 1 plugins.
Preloading 0 native plugins for Editor in 0.00 ms.
Unloading 2336 Unused Serialized files (Serialized files now loaded: 0)
System memory in use before: 189.0 MB.
System memory in use after: 187.5 MB.

Unloading 33 unused Assets to reduce memory usage. Loaded Objects now: 2919.
Total: 3.459167 ms (FindLiveObjects: 0.300464 ms CreateObjectMapping: 0.174283 ms MarkObjects: 1.780240 ms  DeleteObjects: 1.202797 ms)

========================================================================
Received Import Request.
  Time since last request: 294.484470 seconds.
  path: Assets/PlayerController.cs
  artifactKey: Guid(a574390fe5683403989475517862017c) Importer(815301076,1909f56bfc062723c751e8b465ee728b)
Start importing Assets/PlayerController.cs using Guid(a574390fe5683403989475517862017c) Importer(815301076,1909f56bfc062723c751e8b465ee728b)  -> (artifact id: '80a68f500177da5a915af35331452efc') in 0.004583 seconds
  Import took 0.008765 seconds .

========================================================================
Received Import Request.
  Time since last request: 0.000700 seconds.
  path: Assets/PlayerController.cs
  artifactKey: Guid(a574390fe5683403989475517862017c) Importer(815301076,1909f56bfc062723c751e8b465ee728b)
Start importing Assets/PlayerController.cs using Guid(a574390fe5683403989475517862017c) Importer(815301076,1909f56bfc062723c751e8b465ee728b)  -> (artifact id: '80a68f500177da5a915af35331452efc') in 0.001446 seconds
  Import took 0.005183 seconds .

========================================================================
Received Import Request.
  Time since last request: 31.116659 seconds.
  path: Assets/NavMeshBuilder.cs
  artifactKey: Guid(0d9c753022a0b4ac38a8c31f085ac23e) Importer(815301076,1909f56bfc062723c751e8b465ee728b)
Start importing Assets/NavMeshBuilder.cs using Guid(0d9c753022a0b4ac38a8c31f085ac23e) Importer(815301076,1909f56bfc062723c751e8b465ee728b)  -> (artifact id: '30d8554ee2cb99fde35901d413547c47') in 0.001529 seconds
  Import took 0.005432 seconds .

========================================================================
Received Prepare
Registering precompiled user dll's ...
Registered in 0.000823 seconds.
Begin MonoManager ReloadAssembly
Native extension for LinuxStandalone target not found
Native extension for OSXStandalone target not found
Refreshing native plugins compatible for Editor in 0.37 ms, found 1 plugins.
Preloading 0 native plugins for Editor in 0.00 ms.
Invoked RoslynAnalysisRunner static constructor.
RoslynAnalysisRunner will not be running.
RoslynAnalysisRunner has terminated.
Mono: successfully reloaded assembly
- Completed reload, in  1.005 seconds
Platform modules already initialized, skipping
Shader 'Universal Render Pipeline/Particles/Lit': fallback shader 'Universal Render Pipeline/Particles/SimpleLit' not found
Shader 'Universal Render Pipeline/Particles/Lit': fallback shader 'Universal Render Pipeline/Particles/SimpleLit' not found
Refreshing native plugins compatible for Editor in 0.38 ms, found 1 plugins.
Preloading 0 native plugins for Editor in 0.00 ms.
Unloading 2337 Unused Serialized files (Serialized files now loaded: 0)
System memory in use before: 189.2 MB.
System memory in use after: 187.6 MB.

Unloading 33 unused Assets to reduce memory usage. Loaded Objects now: 2923.
Total: 3.423164 ms (FindLiveObjects: 0.258155 ms CreateObjectMapping: 0.112442 ms MarkObjects: 1.896993 ms  DeleteObjects: 1.154729 ms)

========================================================================
Received Import Request.
  Time since last request: 232.387168 seconds.
  path: Assets/NavMeshBuilder.cs
  artifactKey: Guid(0d9c753022a0b4ac38a8c31f085ac23e) Importer(815301076,1909f56bfc062723c751e8b465ee728b)
Start importing Assets/NavMeshBuilder.cs using Guid(0d9c753022a0b4ac38a8c31f085ac23e) Importer(815301076,1909f56bfc062723c751e8b465ee728b)  -> (artifact id: 'c2d555871c6fd81e65b74c84527fbe6a') in 0.005600 seconds
  Import took 0.011314 seconds .

========================================================================
Received Prepare
Registering precompiled user dll's ...
Registered in 0.000760 seconds.
Begin MonoManager ReloadAssembly
Native extension for LinuxStandalone target not found
Native extension for OSXStandalone target not found
Refreshing native plugins compatible for Editor in 0.38 ms, found 1 plugins.
Preloading 0 native plugins for Editor in 0.00 ms.
Invoked RoslynAnalysisRunner static constructor.
RoslynAnalysisRunner will not be running.
RoslynAnalysisRunner has terminated.
Mono: successfully reloaded assembly
- Completed reload, in  0.956 seconds
Platform modules already initialized, skipping
Shader 'Universal Render Pipeline/Particles/Lit': fallback shader 'Universal Render Pipeline/Particles/SimpleLit' not found
Shader 'Universal Render Pipeline/Particles/Lit': fallback shader 'Universal Render Pipeline/Particles/SimpleLit' not found
Refreshing native plugins compatible for Editor in 0.39 ms, found 1 plugins.
Preloading 0 native plugins for Editor in 0.00 ms.
Unloading 2337 Unused Serialized files (Serialized files now loaded: 0)
System memory in use before: 189.5 MB.
System memory in use after: 187.9 MB.

Unloading 33 unused Assets to reduce memory usage. Loaded Objects now: 2926.
Total: 3.212662 ms (FindLiveObjects: 0.273120 ms CreateObjectMapping: 0.116023 ms MarkObjects: 1.674424 ms  DeleteObjects: 1.147965 ms)

========================================================================
Received Prepare
Registering precompiled user dll's ...
Registered in 0.000803 seconds.
Begin MonoManager ReloadAssembly
Native extension for LinuxStandalone target not found
Native extension for OSXStandalone target not found
Refreshing native plugins compatible for Editor in 0.66 ms, found 1 plugins.
Preloading 0 native plugins for Editor in 0.00 ms.
Invoked RoslynAnalysisRunner static constructor.
RoslynAnalysisRunner will not be running.
RoslynAnalysisRunner has terminated.
Mono: successfully reloaded assembly
- Completed reload, in  1.026 seconds
Platform modules already initialized, skipping
Shader 'Universal Render Pipeline/Particles/Lit': fallback shader 'Universal Render Pipeline/Particles/SimpleLit' not found
Shader 'Universal Render Pipeline/Particles/Lit': fallback shader 'Universal Render Pipeline/Particles/SimpleLit' not found
Refreshing native plugins compatible for Editor in 0.36 ms, found 1 plugins.
Preloading 0 native plugins for Editor in 0.00 ms.
Unloading 2337 Unused Serialized files (Serialized files now loaded: 0)
System memory in use before: 189.7 MB.
System memory in use after: 188.1 MB.

Unloading 33 unused Assets to reduce memory usage. Loaded Objects now: 2929.
Total: 3.772502 ms (FindLiveObjects: 0.296078 ms CreateObjectMapping: 0.083536 ms MarkObjects: 1.822763 ms  DeleteObjects: 1.568385 ms)

========================================================================
Received Import Request.
  Time since last request: 196.153724 seconds.
  path: Assets/Scenes/NavMeshScene/NavMesh.asset
  artifactKey: Guid(29f0018a970704a26a136bb2bb9396c3) Importer(815301076,1909f56bfc062723c751e8b465ee728b)
Start importing Assets/Scenes/NavMeshScene/NavMesh.asset using Guid(29f0018a970704a26a136bb2bb9396c3) Importer(815301076,1909f56bfc062723c751e8b465ee728b)  -> (artifact id: 'c9934792dc0ef934b1df354200b23dc9') in 0.013949 seconds
  Import took 0.018922 seconds .

========================================================================
Received Prepare
Registering precompiled user dll's ...
Registered in 0.000775 seconds.
Begin MonoManager ReloadAssembly
Native extension for LinuxStandalone target not found
Native extension for OSXStandalone target not found
Refreshing native plugins compatible for Editor in 0.35 ms, found 1 plugins.
Preloading 0 native plugins for Editor in 0.00 ms.
Invoked RoslynAnalysisRunner static constructor.
RoslynAnalysisRunner will not be running.
RoslynAnalysisRunner has terminated.
Mono: successfully reloaded assembly
- Completed reload, in  0.932 seconds
Platform modules already initialized, skipping
Shader 'Universal Render Pipeline/Particles/Lit': fallback shader 'Universal Render Pipeline/Particles/SimpleLit' not found
Shader 'Universal Render Pipeline/Particles/Lit': fallback shader 'Universal Render Pipeline/Particles/SimpleLit' not found
Refreshing native plugins compatible for Editor in 0.39 ms, found 1 plugins.
Preloading 0 native plugins for Editor in 0.00 ms.
Unloading 2346 Unused Serialized files (Serialized files now loaded: 0)
System memory in use before: 190.2 MB.
System memory in use after: 188.7 MB.

Unloading 33 unused Assets to reduce memory usage. Loaded Objects now: 2941.
Total: 3.152324 ms (FindLiveObjects: 0.262521 ms CreateObjectMapping: 0.112239 ms MarkObjects: 1.608833 ms  DeleteObjects: 1.167848 ms)

========================================================================
Received Prepare
Registering precompiled user dll's ...
Registered in 0.000792 seconds.
Begin MonoManager ReloadAssembly
Native extension for LinuxStandalone target not found
Native extension for OSXStandalone target not found
Refreshing native plugins compatible for Editor in 0.38 ms, found 1 plugins.
Preloading 0 native plugins for Editor in 0.00 ms.
Invoked RoslynAnalysisRunner static constructor.
RoslynAnalysisRunner will not be running.
RoslynAnalysisRunner has terminated.
Mono: successfully reloaded assembly
- Completed reload, in  1.051 seconds
Platform modules already initialized, skipping
Shader 'Universal Render Pipeline/Particles/Lit': fallback shader 'Universal Render Pipeline/Particles/SimpleLit' not found
Shader 'Universal Render Pipeline/Particles/Lit': fallback shader 'Universal Render Pipeline/Particles/SimpleLit' not found
Refreshing native plugins compatible for Editor in 0.41 ms, found 1 plugins.
Preloading 0 native plugins for Editor in 0.00 ms.
Unloading 2346 Unused Serialized files (Serialized files now loaded: 0)
System memory in use before: 190.5 MB.
System memory in use after: 188.9 MB.

Unloading 33 unused Assets to reduce memory usage. Loaded Objects now: 2944.
Total: 3.478575 ms (FindLiveObjects: 0.282526 ms CreateObjectMapping: 0.113985 ms MarkObjects: 1.889594 ms  DeleteObjects: 1.191209 ms)

========================================================================
Received Prepare
Registering precompiled user dll's ...
Registered in 0.000789 seconds.
Begin MonoManager ReloadAssembly
Native extension for LinuxStandalone target not found
Native extension for OSXStandalone target not found
Refreshing native plugins compatible for Editor in 0.36 ms, found 1 plugins.
Preloading 0 native plugins for Editor in 0.00 ms.
Invoked RoslynAnalysisRunner static constructor.
RoslynAnalysisRunner will not be running.
RoslynAnalysisRunner has terminated.
Mono: successfully reloaded assembly
- Completed reload, in  0.983 seconds
Platform modules already initialized, skipping
Shader 'Universal Render Pipeline/Particles/Lit': fallback shader 'Universal Render Pipeline/Particles/SimpleLit' not found
Shader 'Universal Render Pipeline/Particles/Lit': fallback shader 'Universal Render Pipeline/Particles/SimpleLit' not found
Refreshing native plugins compatible for Editor in 0.38 ms, found 1 plugins.
Preloading 0 native plugins for Editor in 0.00 ms.
Unloading 2346 Unused Serialized files (Serialized files now loaded: 0)
System memory in use before: 190.6 MB.
System memory in use after: 189.0 MB.

Unloading 33 unused Assets to reduce memory usage. Loaded Objects now: 2947.
Total: 3.483613 ms (FindLiveObjects: 0.242520 ms CreateObjectMapping: 0.112054 ms MarkObjects: 1.820152 ms  DeleteObjects: 1.307806 ms)

========================================================================
Received Prepare
Registering precompiled user dll's ...
Registered in 0.000821 seconds.
Begin MonoManager ReloadAssembly
Native extension for LinuxStandalone target not found
Native extension for OSXStandalone target not found
Refreshing native plugins compatible for Editor in 0.35 ms, found 1 plugins.
Preloading 0 native plugins for Editor in 0.00 ms.
Invoked RoslynAnalysisRunner static constructor.
RoslynAnalysisRunner will not be running.
RoslynAnalysisRunner has terminated.
Mono: successfully reloaded assembly
- Completed reload, in  0.929 seconds
Platform modules already initialized, skipping
Shader 'Universal Render Pipeline/Particles/Lit': fallback shader 'Universal Render Pipeline/Particles/SimpleLit' not found
Shader 'Universal Render Pipeline/Particles/Lit': fallback shader 'Universal Render Pipeline/Particles/SimpleLit' not found
Refreshing native plugins compatible for Editor in 0.41 ms, found 1 plugins.
Preloading 0 native plugins for Editor in 0.00 ms.
Unloading 2346 Unused Serialized files (Serialized files now loaded: 0)
System memory in use before: 190.9 MB.
System memory in use after: 189.3 MB.

Unloading 33 unused Assets to reduce memory usage. Loaded Objects now: 2950.
Total: 3.174330 ms (FindLiveObjects: 0.254526 ms CreateObjectMapping: 0.105295 ms MarkObjects: 1.648734 ms  DeleteObjects: 1.164927 ms)

========================================================================
Received Prepare
Registering precompiled user dll's ...
Registered in 0.000800 seconds.
Begin MonoManager ReloadAssembly
Native extension for LinuxStandalone target not found
Native extension for OSXStandalone target not found
Refreshing native plugins compatible for Editor in 0.36 ms, found 1 plugins.
Preloading 0 native plugins for Editor in 0.00 ms.
Invoked RoslynAnalysisRunner static constructor.
RoslynAnalysisRunner will not be running.
RoslynAnalysisRunner has terminated.
Mono: successfully reloaded assembly
- Completed reload, in  0.968 seconds
Platform modules already initialized, skipping
Shader 'Universal Render Pipeline/Particles/Lit': fallback shader 'Universal Render Pipeline/Particles/SimpleLit' not found
Shader 'Universal Render Pipeline/Particles/Lit': fallback shader 'Universal Render Pipeline/Particles/SimpleLit' not found
Refreshing native plugins compatible for Editor in 0.39 ms, found 1 plugins.
Preloading 0 native plugins for Editor in 0.00 ms.
Unloading 2346 Unused Serialized files (Serialized files now loaded: 0)
System memory in use before: 191.1 MB.
System memory in use after: 189.5 MB.

Unloading 33 unused Assets to reduce memory usage. Loaded Objects now: 2953.
Total: 3.944631 ms (FindLiveObjects: 0.502320 ms CreateObjectMapping: 0.256953 ms MarkObjects: 1.819511 ms  DeleteObjects: 1.363913 ms)

========================================================================
Received Prepare
Registering precompiled user dll's ...
Registered in 0.000860 seconds.
Begin MonoManager ReloadAssembly
Native extension for LinuxStandalone target not found
Native extension for OSXStandalone target not found
Refreshing native plugins compatible for Editor in 0.50 ms, found 1 plugins.
Preloading 0 native plugins for Editor in 0.00 ms.
Invoked RoslynAnalysisRunner static constructor.
RoslynAnalysisRunner will not be running.
RoslynAnalysisRunner has terminated.
Mono: successfully reloaded assembly
- Completed reload, in  0.970 seconds
Platform modules already initialized, skipping
Shader 'Universal Render Pipeline/Particles/Lit': fallback shader 'Universal Render Pipeline/Particles/SimpleLit' not found
Shader 'Universal Render Pipeline/Particles/Lit': fallback shader 'Universal Render Pipeline/Particles/SimpleLit' not found
Refreshing native plugins compatible for Editor in 0.38 ms, found 1 plugins.
Preloading 0 native plugins for Editor in 0.00 ms.
Unloading 2346 Unused Serialized files (Serialized files now loaded: 0)
System memory in use before: 191.3 MB.
System memory in use after: 189.7 MB.

Unloading 33 unused Assets to reduce memory usage. Loaded Objects now: 2956.
Total: 3.433415 ms (FindLiveObjects: 0.325160 ms CreateObjectMapping: 0.152004 ms MarkObjects: 1.766575 ms  DeleteObjects: 1.187978 ms)

========================================================================
Received Prepare
Registering precompiled user dll's ...
Registered in 0.000795 seconds.
Begin MonoManager ReloadAssembly
Native extension for LinuxStandalone target not found
Native extension for OSXStandalone target not found
Refreshing native plugins compatible for Editor in 0.35 ms, found 1 plugins.
Preloading 0 native plugins for Editor in 0.00 ms.
Invoked RoslynAnalysisRunner static constructor.
RoslynAnalysisRunner will not be running.
RoslynAnalysisRunner has terminated.
Mono: successfully reloaded assembly
- Completed reload, in  0.933 seconds
Platform modules already initialized, skipping
Shader 'Universal Render Pipeline/Particles/Lit': fallback shader 'Universal Render Pipeline/Particles/SimpleLit' not found
Shader 'Universal Render Pipeline/Particles/Lit': fallback shader 'Universal Render Pipeline/Particles/SimpleLit' not found
Refreshing native plugins compatible for Editor in 0.39 ms, found 1 plugins.
Preloading 0 native plugins for Editor in 0.00 ms.
Unloading 2346 Unused Serialized files (Serialized files now loaded: 0)
System memory in use before: 191.5 MB.
System memory in use after: 189.9 MB.

Unloading 33 unused Assets to reduce memory usage. Loaded Objects now: 2959.
Total: 3.424954 ms (FindLiveObjects: 0.290733 ms CreateObjectMapping: 0.099481 ms MarkObjects: 1.834129 ms  DeleteObjects: 1.199588 ms)

========================================================================
Received Prepare
Registering precompiled user dll's ...
Registered in 0.000782 seconds.
Begin MonoManager ReloadAssembly
Native extension for LinuxStandalone target not found
Native extension for OSXStandalone target not found
Refreshing native plugins compatible for Editor in 0.34 ms, found 1 plugins.
Preloading 0 native plugins for Editor in 0.00 ms.
Invoked RoslynAnalysisRunner static constructor.
RoslynAnalysisRunner will not be running.
RoslynAnalysisRunner has terminated.
Mono: successfully reloaded assembly
- Completed reload, in  0.943 seconds
Platform modules already initialized, skipping
Shader 'Universal Render Pipeline/Particles/Lit': fallback shader 'Universal Render Pipeline/Particles/SimpleLit' not found
Shader 'Universal Render Pipeline/Particles/Lit': fallback shader 'Universal Render Pipeline/Particles/SimpleLit' not found
Refreshing native plugins compatible for Editor in 0.35 ms, found 1 plugins.
Preloading 0 native plugins for Editor in 0.00 ms.
Unloading 2346 Unused Serialized files (Serialized files now loaded: 0)
System memory in use before: 191.6 MB.
System memory in use after: 190.0 MB.

Unloading 33 unused Assets to reduce memory usage. Loaded Objects now: 2962.
Total: 3.310315 ms (FindLiveObjects: 0.260964 ms CreateObjectMapping: 0.128963 ms MarkObjects: 1.706840 ms  DeleteObjects: 1.212714 ms)

========================================================================
Received Prepare
Registering precompiled user dll's ...
Registered in 0.000781 seconds.
Begin MonoManager ReloadAssembly
Native extension for LinuxStandalone target not found
Native extension for OSXStandalone target not found
Refreshing native plugins compatible for Editor in 0.35 ms, found 1 plugins.
Preloading 0 native plugins for Editor in 0.00 ms.
Invoked RoslynAnalysisRunner static constructor.
RoslynAnalysisRunner will not be running.
RoslynAnalysisRunner has terminated.
Mono: successfully reloaded assembly
- Completed reload, in  0.932 seconds
Platform modules already initialized, skipping
Shader 'Universal Render Pipeline/Particles/Lit': fallback shader 'Universal Render Pipeline/Particles/SimpleLit' not found
Shader 'Universal Render Pipeline/Particles/Lit': fallback shader 'Universal Render Pipeline/Particles/SimpleLit' not found
Refreshing native plugins compatible for Editor in 0.38 ms, found 1 plugins.
Preloading 0 native plugins for Editor in 0.00 ms.
Unloading 2346 Unused Serialized files (Serialized files now loaded: 0)
System memory in use before: 191.9 MB.
System memory in use after: 190.3 MB.

Unloading 33 unused Assets to reduce memory usage. Loaded Objects now: 2965.
Total: 3.244158 ms (FindLiveObjects: 0.267226 ms CreateObjectMapping: 0.102360 ms MarkObjects: 1.666317 ms  DeleteObjects: 1.206906 ms)

========================================================================
Received Prepare
Registering precompiled user dll's ...
Registered in 0.000808 seconds.
Begin MonoManager ReloadAssembly
Native extension for LinuxStandalone target not found
Native extension for OSXStandalone target not found
Refreshing native plugins compatible for Editor in 0.36 ms, found 1 plugins.
Preloading 0 native plugins for Editor in 0.00 ms.
Invoked RoslynAnalysisRunner static constructor.
RoslynAnalysisRunner will not be running.
RoslynAnalysisRunner has terminated.
Mono: successfully reloaded assembly
- Completed reload, in  0.982 seconds
Platform modules already initialized, skipping
Shader 'Universal Render Pipeline/Particles/Lit': fallback shader 'Universal Render Pipeline/Particles/SimpleLit' not found
Shader 'Universal Render Pipeline/Particles/Lit': fallback shader 'Universal Render Pipeline/Particles/SimpleLit' not found
Refreshing native plugins compatible for Editor in 0.41 ms, found 1 plugins.
Preloading 0 native plugins for Editor in 0.00 ms.
Unloading 2346 Unused Serialized files (Serialized files now loaded: 0)
System memory in use before: 192.1 MB.
System memory in use after: 190.5 MB.

Unloading 33 unused Assets to reduce memory usage. Loaded Objects now: 2968.
Total: 3.241422 ms (FindLiveObjects: 0.240186 ms CreateObjectMapping: 0.104157 ms MarkObjects: 1.659737 ms  DeleteObjects: 1.236507 ms)

========================================================================
Received Prepare
Registering precompiled user dll's ...
Registered in 0.000802 seconds.
Begin MonoManager ReloadAssembly
Native extension for LinuxStandalone target not found
Native extension for OSXStandalone target not found
Refreshing native plugins compatible for Editor in 0.47 ms, found 1 plugins.
Preloading 0 native plugins for Editor in 0.00 ms.
Invoked RoslynAnalysisRunner static constructor.
RoslynAnalysisRunner will not be running.
RoslynAnalysisRunner has terminated.
Mono: successfully reloaded assembly
- Completed reload, in  1.040 seconds
Platform modules already initialized, skipping
Shader 'Universal Render Pipeline/Particles/Lit': fallback shader 'Universal Render Pipeline/Particles/SimpleLit' not found
Shader 'Universal Render Pipeline/Particles/Lit': fallback shader 'Universal Render Pipeline/Particles/SimpleLit' not found
Refreshing native plugins compatible for Editor in 0.39 ms, found 1 plugins.
Preloading 0 native plugins for Editor in 0.00 ms.
Unloading 2346 Unused Serialized files (Serialized files now loaded: 0)
System memory in use before: 192.3 MB.
System memory in use after: 190.7 MB.

Unloading 33 unused Assets to reduce memory usage. Loaded Objects now: 2971.
Total: 3.126420 ms (FindLiveObjects: 0.235133 ms CreateObjectMapping: 0.101174 ms MarkObjects: 1.584020 ms  DeleteObjects: 1.205107 ms)

========================================================================
Received Prepare
Registering precompiled user dll's ...
Registered in 0.000781 seconds.
Begin MonoManager ReloadAssembly
Native extension for LinuxStandalone target not found
Native extension for OSXStandalone target not found
Refreshing native plugins compatible for Editor in 0.65 ms, found 1 plugins.
Preloading 0 native plugins for Editor in 0.00 ms.
Invoked RoslynAnalysisRunner static constructor.
RoslynAnalysisRunner will not be running.
RoslynAnalysisRunner has terminated.
Mono: successfully reloaded assembly
- Completed reload, in  0.962 seconds
Platform modules already initialized, skipping
Shader 'Universal Render Pipeline/Particles/Lit': fallback shader 'Universal Render Pipeline/Particles/SimpleLit' not found
Shader 'Universal Render Pipeline/Particles/Lit': fallback shader 'Universal Render Pipeline/Particles/SimpleLit' not found
Refreshing native plugins compatible for Editor in 0.44 ms, found 1 plugins.
Preloading 0 native plugins for Editor in 0.00 ms.
Unloading 2346 Unused Serialized files (Serialized files now loaded: 0)
System memory in use before: 192.5 MB.
System memory in use after: 190.9 MB.

Unloading 33 unused Assets to reduce memory usage. Loaded Objects now: 2974.
Total: 3.500015 ms (FindLiveObjects: 0.282310 ms CreateObjectMapping: 0.104427 ms MarkObjects: 1.838859 ms  DeleteObjects: 1.273370 ms)

========================================================================
Received Prepare
Registering precompiled user dll's ...
Registered in 0.002134 seconds.
Begin MonoManager ReloadAssembly
Native extension for LinuxStandalone target not found
Native extension for OSXStandalone target not found
Refreshing native plugins compatible for Editor in 0.35 ms, found 1 plugins.
Preloading 0 native plugins for Editor in 0.00 ms.
Invoked RoslynAnalysisRunner static constructor.
RoslynAnalysisRunner will not be running.
RoslynAnalysisRunner has terminated.
Mono: successfully reloaded assembly
- Completed reload, in  0.992 seconds
Platform modules already initialized, skipping
Shader 'Universal Render Pipeline/Particles/Lit': fallback shader 'Universal Render Pipeline/Particles/SimpleLit' not found
Shader 'Universal Render Pipeline/Particles/Lit': fallback shader 'Universal Render Pipeline/Particles/SimpleLit' not found
Refreshing native plugins compatible for Editor in 0.39 ms, found 1 plugins.
Preloading 0 native plugins for Editor in 0.00 ms.
Unloading 2346 Unused Serialized files (Serialized files now loaded: 0)
System memory in use before: 192.6 MB.
System memory in use after: 191.0 MB.

Unloading 33 unused Assets to reduce memory usage. Loaded Objects now: 2977.
Total: 4.000713 ms (FindLiveObjects: 0.327732 ms CreateObjectMapping: 0.119731 ms MarkObjects: 2.068876 ms  DeleteObjects: 1.482781 ms)

========================================================================
Received Prepare
Registering precompiled user dll's ...
Registered in 0.002868 seconds.
Begin MonoManager ReloadAssembly
Native extension for LinuxStandalone target not found
Native extension for OSXStandalone target not found
Refreshing native plugins compatible for Editor in 0.36 ms, found 1 plugins.
Preloading 0 native plugins for Editor in 0.00 ms.
Invoked RoslynAnalysisRunner static constructor.
RoslynAnalysisRunner will not be running.
RoslynAnalysisRunner has terminated.
Mono: successfully reloaded assembly
- Completed reload, in  0.977 seconds
Platform modules already initialized, skipping
Shader 'Universal Render Pipeline/Particles/Lit': fallback shader 'Universal Render Pipeline/Particles/SimpleLit' not found
Shader 'Universal Render Pipeline/Particles/Lit': fallback shader 'Universal Render Pipeline/Particles/SimpleLit' not found
Refreshing native plugins compatible for Editor in 0.43 ms, found 1 plugins.
Preloading 0 native plugins for Editor in 0.00 ms.
Unloading 2346 Unused Serialized files (Serialized files now loaded: 0)
System memory in use before: 192.9 MB.
System memory in use after: 191.3 MB.

Unloading 33 unused Assets to reduce memory usage. Loaded Objects now: 2980.
Total: 4.947356 ms (FindLiveObjects: 0.421652 ms CreateObjectMapping: 0.236263 ms MarkObjects: 2.651455 ms  DeleteObjects: 1.635876 ms)

========================================================================
Received Prepare
Registering precompiled user dll's ...
Registered in 0.000815 seconds.
Begin MonoManager ReloadAssembly
Native extension for LinuxStandalone target not found
Native extension for OSXStandalone target not found
Refreshing native plugins compatible for Editor in 0.36 ms, found 1 plugins.
Preloading 0 native plugins for Editor in 0.00 ms.
Invoked RoslynAnalysisRunner static constructor.
RoslynAnalysisRunner will not be running.
RoslynAnalysisRunner has terminated.
Mono: successfully reloaded assembly
- Completed reload, in  0.952 seconds
Platform modules already initialized, skipping
Shader 'Universal Render Pipeline/Particles/Lit': fallback shader 'Universal Render Pipeline/Particles/SimpleLit' not found
Shader 'Universal Render Pipeline/Particles/Lit': fallback shader 'Universal Render Pipeline/Particles/SimpleLit' not found
Refreshing native plugins compatible for Editor in 0.39 ms, found 1 plugins.
Preloading 0 native plugins for Editor in 0.00 ms.
Unloading 2346 Unused Serialized files (Serialized files now loaded: 0)
System memory in use before: 193.1 MB.
System memory in use after: 191.5 MB.

Unloading 33 unused Assets to reduce memory usage. Loaded Objects now: 2983.
Total: 3.282577 ms (FindLiveObjects: 0.240731 ms CreateObjectMapping: 0.105157 ms MarkObjects: 1.679203 ms  DeleteObjects: 1.256709 ms)

========================================================================
Received Prepare
Registering precompiled user dll's ...
Registered in 0.000803 seconds.
Begin MonoManager ReloadAssembly
Native extension for LinuxStandalone target not found
Native extension for OSXStandalone target not found
Refreshing native plugins compatible for Editor in 0.56 ms, found 1 plugins.
Preloading 0 native plugins for Editor in 0.00 ms.
Invoked RoslynAnalysisRunner static constructor.
RoslynAnalysisRunner will not be running.
RoslynAnalysisRunner has terminated.
Mono: successfully reloaded assembly
- Completed reload, in  1.040 seconds
Platform modules already initialized, skipping
Shader 'Universal Render Pipeline/Particles/Lit': fallback shader 'Universal Render Pipeline/Particles/SimpleLit' not found
Shader 'Universal Render Pipeline/Particles/Lit': fallback shader 'Universal Render Pipeline/Particles/SimpleLit' not found
Refreshing native plugins compatible for Editor in 0.39 ms, found 1 plugins.
Preloading 0 native plugins for Editor in 0.00 ms.
Unloading 2346 Unused Serialized files (Serialized files now loaded: 0)
System memory in use before: 193.3 MB.
System memory in use after: 191.8 MB.

Unloading 33 unused Assets to reduce memory usage. Loaded Objects now: 2986.
Total: 3.200696 ms (FindLiveObjects: 0.285227 ms CreateObjectMapping: 0.114558 ms MarkObjects: 1.626575 ms  DeleteObjects: 1.173200 ms)

========================================================================
Received Import Request.
  Time since last request: 2227.737922 seconds.
  path: Assets/Racing Drone/prefabs/Drone_01 Variant.prefab
  artifactKey: Guid(de820c050e709404082d3706d32baffc) Importer(815301076,1909f56bfc062723c751e8b465ee728b)
Start importing Assets/Racing Drone/prefabs/Drone_01 Variant.prefab using Guid(de820c050e709404082d3706d32baffc) Importer(815301076,1909f56bfc062723c751e8b465ee728b)  -> (artifact id: 'f0b53d7d8b089198fa9795601503f2bc') in 0.805088 seconds
  Import took 0.809873 seconds .

========================================================================
Received Import Request.
  Time since last request: 0.000240 seconds.
  path: Assets/Racing Drone/prefabs/Drone_03.prefab
  artifactKey: Guid(9c4e9e5e4ef6c1949990a0121cf862bb) Importer(815301076,1909f56bfc062723c751e8b465ee728b)
Start importing Assets/Racing Drone/prefabs/Drone_03.prefab using Guid(9c4e9e5e4ef6c1949990a0121cf862bb) Importer(815301076,1909f56bfc062723c751e8b465ee728b)  -> (artifact id: 'd869a9c5808380a1f02162e87aa7e99b') in 0.017132 seconds
  Import took 0.020888 seconds .

========================================================================
Received Import Request.
  Time since last request: 0.000185 seconds.
  path: Assets/Racing Drone/prefabs/Drone_02.prefab
  artifactKey: Guid(f1e61a9aa11eb1148a59e9ad92d8f536) Importer(815301076,1909f56bfc062723c751e8b465ee728b)
Start importing Assets/Racing Drone/prefabs/Drone_02.prefab using Guid(f1e61a9aa11eb1148a59e9ad92d8f536) Importer(815301076,1909f56bfc062723c751e8b465ee728b)  -> (artifact id: '397f93b875722038273ec3f62d424c77') in 0.014576 seconds
  Import took 0.018309 seconds .

========================================================================
Received Import Request.
  Time since last request: 0.000187 seconds.
  path: Assets/Racing Drone/prefabs/Drone_04.prefab
  artifactKey: Guid(e2569714c8db5ef489375749dfab6033) Importer(815301076,1909f56bfc062723c751e8b465ee728b)
Start importing Assets/Racing Drone/prefabs/Drone_04.prefab using Guid(e2569714c8db5ef489375749dfab6033) Importer(815301076,1909f56bfc062723c751e8b465ee728b)  -> (artifact id: '9906b482248f8ce64efb4f6b0f267da7') in 0.015267 seconds
  Import took 0.019251 seconds .

========================================================================
Received Import Request.
  Time since last request: 0.000174 seconds.
  path: Assets/Racing Drone/prefabs/Drone_01.prefab
  artifactKey: Guid(a1211c750432e934faaa064931d5804b) Importer(815301076,1909f56bfc062723c751e8b465ee728b)
Start importing Assets/Racing Drone/prefabs/Drone_01.prefab using Guid(a1211c750432e934faaa064931d5804b) Importer(815301076,1909f56bfc062723c751e8b465ee728b)  -> (artifact id: 'ed5a12d06e111a6e25be15ec92a67f91') in 0.015750 seconds
  Import took 0.019378 seconds .

========================================================================
Received Import Request.
  Time since last request: 0.000195 seconds.
  path: Assets/Racing Drone/prefabs/TargetCube.prefab
  artifactKey: Guid(5f2f557c5b669432884bec526cc01531) Importer(815301076,1909f56bfc062723c751e8b465ee728b)
Start importing Assets/Racing Drone/prefabs/TargetCube.prefab using Guid(5f2f557c5b669432884bec526cc01531) Importer(815301076,1909f56bfc062723c751e8b465ee728b)  -> (artifact id: 'd8d5f3ec73bc6084e3bf360bd5583c26') in 0.071918 seconds
  Import took 0.075459 seconds .

========================================================================
Received Import Request.
  Time since last request: 0.000193 seconds.
  path: Assets/Racing Drone/prefabs/Drone_01 Variant_modified.prefab
  artifactKey: Guid(1e15f9c7a01704f579027cde2382508f) Importer(815301076,1909f56bfc062723c751e8b465ee728b)
Start importing Assets/Racing Drone/prefabs/Drone_01 Variant_modified.prefab using Guid(1e15f9c7a01704f579027cde2382508f) Importer(815301076,1909f56bfc062723c751e8b465ee728b)  -> (artifact id: 'c7b0cc8500ee93df39cc4531a7bc9542') in 0.015754 seconds
  Import took 0.019138 seconds .

========================================================================
Received Import Request.
  Time since last request: 0.000168 seconds.
  path: Assets/Racing Drone/prefabs/TargetCube_modified.prefab
  artifactKey: Guid(4096a59dedcad4db5a1ebe4fa9e379fa) Importer(815301076,1909f56bfc062723c751e8b465ee728b)
Start importing Assets/Racing Drone/prefabs/TargetCube_modified.prefab using Guid(4096a59dedcad4db5a1ebe4fa9e379fa) Importer(815301076,1909f56bfc062723c751e8b465ee728b)  -> (artifact id: '6e0c81c6852cd38b44aec052532cb60e') in 0.009281 seconds
  Import took 0.012752 seconds .

========================================================================
Received Prepare
Registering precompiled user dll's ...
Registered in 0.000840 seconds.
Begin MonoManager ReloadAssembly
Native extension for LinuxStandalone target not found
Native extension for OSXStandalone target not found
Refreshing native plugins compatible for Editor in 0.38 ms, found 1 plugins.
Preloading 0 native plugins for Editor in 0.00 ms.
Invoked RoslynAnalysisRunner static constructor.
RoslynAnalysisRunner will not be running.
RoslynAnalysisRunner has terminated.
Mono: successfully reloaded assembly
- Completed reload, in  0.987 seconds
Platform modules already initialized, skipping
Shader 'Universal Render Pipeline/Particles/Lit': fallback shader 'Universal Render Pipeline/Particles/SimpleLit' not found
Shader 'Universal Render Pipeline/Particles/Lit': fallback shader 'Universal Render Pipeline/Particles/SimpleLit' not found
Refreshing native plugins compatible for Editor in 0.35 ms, found 1 plugins.
Preloading 0 native plugins for Editor in 0.00 ms.
Unloading 2346 Unused Serialized files (Serialized files now loaded: 0)
System memory in use before: 198.3 MB.
System memory in use after: 196.7 MB.

Unloading 33 unused Assets to reduce memory usage. Loaded Objects now: 3026.
Total: 3.451610 ms (FindLiveObjects: 0.341930 ms CreateObjectMapping: 0.106612 ms MarkObjects: 1.833973 ms  DeleteObjects: 1.167419 ms)

========================================================================
Received Prepare
Registering precompiled user dll's ...
Registered in 0.000818 seconds.
Begin MonoManager ReloadAssembly
Native extension for LinuxStandalone target not found
Native extension for OSXStandalone target not found
Refreshing native plugins compatible for Editor in 0.35 ms, found 1 plugins.
Preloading 0 native plugins for Editor in 0.00 ms.
Invoked RoslynAnalysisRunner static constructor.
RoslynAnalysisRunner will not be running.
RoslynAnalysisRunner has terminated.
Mono: successfully reloaded assembly
- Completed reload, in  0.997 seconds
Platform modules already initialized, skipping
Shader 'Universal Render Pipeline/Particles/Lit': fallback shader 'Universal Render Pipeline/Particles/SimpleLit' not found
Shader 'Universal Render Pipeline/Particles/Lit': fallback shader 'Universal Render Pipeline/Particles/SimpleLit' not found
Refreshing native plugins compatible for Editor in 0.37 ms, found 1 plugins.
Preloading 0 native plugins for Editor in 0.00 ms.
Unloading 2346 Unused Serialized files (Serialized files now loaded: 0)
System memory in use before: 198.4 MB.
System memory in use after: 196.8 MB.

Unloading 33 unused Assets to reduce memory usage. Loaded Objects now: 3029.
Total: 3.136246 ms (FindLiveObjects: 0.242494 ms CreateObjectMapping: 0.099592 ms MarkObjects: 1.628421 ms  DeleteObjects: 1.164858 ms)

========================================================================
Received Prepare
Registering precompiled user dll's ...
Registered in 0.000827 seconds.
Begin MonoManager ReloadAssembly
Native extension for LinuxStandalone target not found
Native extension for OSXStandalone target not found
Refreshing native plugins compatible for Editor in 0.36 ms, found 1 plugins.
Preloading 0 native plugins for Editor in 0.00 ms.
Invoked RoslynAnalysisRunner static constructor.
RoslynAnalysisRunner will not be running.
RoslynAnalysisRunner has terminated.
Mono: successfully reloaded assembly
- Completed reload, in  0.959 seconds
Platform modules already initialized, skipping
Shader 'Universal Render Pipeline/Particles/Lit': fallback shader 'Universal Render Pipeline/Particles/SimpleLit' not found
Shader 'Universal Render Pipeline/Particles/Lit': fallback shader 'Universal Render Pipeline/Particles/SimpleLit' not found
Refreshing native plugins compatible for Editor in 0.48 ms, found 1 plugins.
Preloading 0 native plugins for Editor in 0.00 ms.
Unloading 2346 Unused Serialized files (Serialized files now loaded: 0)
System memory in use before: 198.7 MB.
System memory in use after: 197.1 MB.

Unloading 33 unused Assets to reduce memory usage. Loaded Objects now: 3032.
Total: 3.252014 ms (FindLiveObjects: 0.307381 ms CreateObjectMapping: 0.095834 ms MarkObjects: 1.639364 ms  DeleteObjects: 1.208649 ms)

========================================================================
Received Import Request.
  Time since last request: 1247.289385 seconds.
  path: Assets/NavMeshBuilder.cs
  artifactKey: Guid(0d9c753022a0b4ac38a8c31f085ac23e) Importer(815301076,1909f56bfc062723c751e8b465ee728b)
Start importing Assets/NavMeshBuilder.cs using Guid(0d9c753022a0b4ac38a8c31f085ac23e) Importer(815301076,1909f56bfc062723c751e8b465ee728b)  -> (artifact id: '98a68bebc273de4ae4d23f9bd9651339') in 0.007587 seconds
  Import took 0.012307 seconds .

========================================================================
Received Prepare
Registering precompiled user dll's ...
Registered in 0.000903 seconds.
Begin MonoManager ReloadAssembly
Native extension for LinuxStandalone target not found
Native extension for OSXStandalone target not found
Refreshing native plugins compatible for Editor in 0.47 ms, found 1 plugins.
Preloading 0 native plugins for Editor in 0.00 ms.
Invoked RoslynAnalysisRunner static constructor.
RoslynAnalysisRunner will not be running.
RoslynAnalysisRunner has terminated.
Mono: successfully reloaded assembly
- Completed reload, in  0.925 seconds
Platform modules already initialized, skipping
Shader 'Universal Render Pipeline/Particles/Lit': fallback shader 'Universal Render Pipeline/Particles/SimpleLit' not found
Shader 'Universal Render Pipeline/Particles/Lit': fallback shader 'Universal Render Pipeline/Particles/SimpleLit' not found
Refreshing native plugins compatible for Editor in 0.35 ms, found 1 plugins.
Preloading 0 native plugins for Editor in 0.00 ms.
Unloading 2346 Unused Serialized files (Serialized files now loaded: 0)
System memory in use before: 198.9 MB.
System memory in use after: 197.3 MB.

Unloading 33 unused Assets to reduce memory usage. Loaded Objects now: 3035.
Total: 3.308769 ms (FindLiveObjects: 0.277751 ms CreateObjectMapping: 0.102236 ms MarkObjects: 1.696698 ms  DeleteObjects: 1.230959 ms)

========================================================================
Received Import Request.
  Time since last request: 78.576514 seconds.
  path: Assets/PlayerController.cs
  artifactKey: Guid(a574390fe5683403989475517862017c) Importer(815301076,1909f56bfc062723c751e8b465ee728b)
Start importing Assets/PlayerController.cs using Guid(a574390fe5683403989475517862017c) Importer(815301076,1909f56bfc062723c751e8b465ee728b)  -> (artifact id: 'b817986e020773f720fdad012197e2e3') in 0.007919 seconds
  Import took 0.011907 seconds .

========================================================================
Received Prepare
Registering precompiled user dll's ...
Registered in 0.000903 seconds.
Begin MonoManager ReloadAssembly
Native extension for LinuxStandalone target not found
Native extension for OSXStandalone target not found
Refreshing native plugins compatible for Editor in 0.36 ms, found 1 plugins.
Preloading 0 native plugins for Editor in 0.00 ms.
Invoked RoslynAnalysisRunner static constructor.
RoslynAnalysisRunner will not be running.
RoslynAnalysisRunner has terminated.
Mono: successfully reloaded assembly
- Completed reload, in  0.944 seconds
Platform modules already initialized, skipping
Shader 'Universal Render Pipeline/Particles/Lit': fallback shader 'Universal Render Pipeline/Particles/SimpleLit' not found
Shader 'Universal Render Pipeline/Particles/Lit': fallback shader 'Universal Render Pipeline/Particles/SimpleLit' not found
Refreshing native plugins compatible for Editor in 0.37 ms, found 1 plugins.
Preloading 0 native plugins for Editor in 0.00 ms.
Unloading 2346 Unused Serialized files (Serialized files now loaded: 0)
System memory in use before: 199.1 MB.
System memory in use after: 197.5 MB.

Unloading 33 unused Assets to reduce memory usage. Loaded Objects now: 3038.
Total: 3.344481 ms (FindLiveObjects: 0.286887 ms CreateObjectMapping: 0.092588 ms MarkObjects: 1.580192 ms  DeleteObjects: 1.383937 ms)

========================================================================
Received Import Request.
  Time since last request: 10.463608 seconds.
  path: Assets/PlayerController.cs
  artifactKey: Guid(a574390fe5683403989475517862017c) Importer(815301076,1909f56bfc062723c751e8b465ee728b)
Start importing Assets/PlayerController.cs using Guid(a574390fe5683403989475517862017c) Importer(815301076,1909f56bfc062723c751e8b465ee728b)  -> (artifact id: 'ddee2550f4a1f0078f740fddff1cc68a') in 0.006313 seconds
  Import took 0.009704 seconds .

========================================================================
Received Import Request.
  Time since last request: 1.088124 seconds.
  path: Assets/PlayerController.cs
  artifactKey: Guid(a574390fe5683403989475517862017c) Importer(815301076,1909f56bfc062723c751e8b465ee728b)
Start importing Assets/PlayerController.cs using Guid(a574390fe5683403989475517862017c) Importer(815301076,1909f56bfc062723c751e8b465ee728b)  -> (artifact id: 'ddee2550f4a1f0078f740fddff1cc68a') in 0.003441 seconds
  Import took 0.007181 seconds .

========================================================================
Received Prepare
Registering precompiled user dll's ...
Registered in 0.000789 seconds.
Begin MonoManager ReloadAssembly
Native extension for LinuxStandalone target not found
Native extension for OSXStandalone target not found
Refreshing native plugins compatible for Editor in 0.36 ms, found 1 plugins.
Preloading 0 native plugins for Editor in 0.00 ms.
Invoked RoslynAnalysisRunner static constructor.
RoslynAnalysisRunner will not be running.
RoslynAnalysisRunner has terminated.
Mono: successfully reloaded assembly
- Completed reload, in  0.904 seconds
Platform modules already initialized, skipping
Shader 'Universal Render Pipeline/Particles/Lit': fallback shader 'Universal Render Pipeline/Particles/SimpleLit' not found
Shader 'Universal Render Pipeline/Particles/Lit': fallback shader 'Universal Render Pipeline/Particles/SimpleLit' not found
Refreshing native plugins compatible for Editor in 0.34 ms, found 1 plugins.
Preloading 0 native plugins for Editor in 0.00 ms.
Unloading 2346 Unused Serialized files (Serialized files now loaded: 0)
System memory in use before: 199.3 MB.
System memory in use after: 197.7 MB.

Unloading 33 unused Assets to reduce memory usage. Loaded Objects now: 3041.
Total: 3.093632 ms (FindLiveObjects: 0.252337 ms CreateObjectMapping: 0.101958 ms MarkObjects: 1.614019 ms  DeleteObjects: 1.124685 ms)

